<?xml version="1.0" encoding="UTF-8"?>
<testsuite name="TestClass" tests="20" skipped="19" failures="1" errors="0" timestamp="2018-07-30T13:30:30" hostname="EPBYMINW4264" time="40.32">
  <properties/>
  <testcase name="login" classname="TestClass" time="0.0">
    <failure message="org.openqa.selenium.NoSuchElementException: An element could not be located on the page using the given search parameters. (WARNING: The server did not provide any stacktrace information)&#10;Command duration or timeout: 0 milliseconds&#10;For documentation on this error, please visit: http://seleniumhq.org/exceptions/no_such_element.html&#10;Build info: version: '3.8.1', revision: '6e95a6684b', time: '2017-12-01T18:33:54.468Z'&#10;System info: host: 'EPBYMINW4264', ip: 'fe80:0:0:0:c43:5a36:42d3:be80%en0', os.name: 'Mac OS X', os.arch: 'x86_64', os.version: '10.13.4', java.version: '1.8.0_171'&#10;Driver info: org.openqa.selenium.remote.RemoteWebDriver&#10;Capabilities {applicationCacheEnabled: true, browserName: safari, cleanSession: true, cssSelectorsEnabled: true, databaseEnabled: true, handlesAlerts: true, javascriptEnabled: true, locationContextEnabled: false, nativeEvents: true, platform: MAC, platformName: MAC, rotatable: false, version: 13605.1.33.1.4, webStorageEnabled: true, webdriver.remote.sessionid: FDD0FBBA-DFF6-4EF9-A7A2-2E2...}&#10;Session ID: FDD0FBBA-DFF6-4EF9-A7A2-2E2573C86E98&#10;*** Element info: {Using=css selector, value=input#userNameInput.text.fullWidth}" type="org.openqa.selenium.NoSuchElementException">org.openqa.selenium.NoSuchElementException: An element could not be located on the page using the given search parameters. (WARNING: The server did not provide any stacktrace information)
Command duration or timeout: 0 milliseconds
For documentation on this error, please visit: http://seleniumhq.org/exceptions/no_such_element.html
Build info: version: '3.8.1', revision: '6e95a6684b', time: '2017-12-01T18:33:54.468Z'
System info: host: 'EPBYMINW4264', ip: 'fe80:0:0:0:c43:5a36:42d3:be80%en0', os.name: 'Mac OS X', os.arch: 'x86_64', os.version: '10.13.4', java.version: '1.8.0_171'
Driver info: org.openqa.selenium.remote.RemoteWebDriver
Capabilities {applicationCacheEnabled: true, browserName: safari, cleanSession: true, cssSelectorsEnabled: true, databaseEnabled: true, handlesAlerts: true, javascriptEnabled: true, locationContextEnabled: false, nativeEvents: true, platform: MAC, platformName: MAC, rotatable: false, version: 13605.1.33.1.4, webStorageEnabled: true, webdriver.remote.sessionid: FDD0FBBA-DFF6-4EF9-A7A2-2E2...}
Session ID: FDD0FBBA-DFF6-4EF9-A7A2-2E2573C86E98
*** Element info: {Using=css selector, value=input#userNameInput.text.fullWidth}
	at sun.reflect.NativeConstructorAccessorImpl.newInstance0(Native Method)
	at sun.reflect.NativeConstructorAccessorImpl.newInstance(NativeConstructorAccessorImpl.java:62)
	at sun.reflect.DelegatingConstructorAccessorImpl.newInstance(DelegatingConstructorAccessorImpl.java:45)
	at java.lang.reflect.Constructor.newInstance(Constructor.java:423)
	at org.openqa.selenium.remote.ErrorHandler.createThrowable(ErrorHandler.java:214)
	at org.openqa.selenium.remote.ErrorHandler.throwIfResponseFailed(ErrorHandler.java:166)
	at org.openqa.selenium.remote.http.JsonHttpResponseCodec.reconstructValue(JsonHttpResponseCodec.java:40)
	at org.openqa.selenium.remote.http.AbstractHttpResponseCodec.decode(AbstractHttpResponseCodec.java:80)
	at org.openqa.selenium.remote.http.AbstractHttpResponseCodec.decode(AbstractHttpResponseCodec.java:44)
	at org.openqa.selenium.remote.HttpCommandExecutor.execute(HttpCommandExecutor.java:164)
	at org.openqa.selenium.remote.RemoteWebDriver.execute(RemoteWebDriver.java:601)
	at org.openqa.selenium.remote.RemoteWebDriver.findElement(RemoteWebDriver.java:371)
	at org.openqa.selenium.remote.RemoteWebDriver.findElementByCssSelector(RemoteWebDriver.java:465)
	at org.openqa.selenium.By$ByCssSelector.findElement(By.java:430)
	at org.openqa.selenium.remote.RemoteWebDriver.findElement(RemoteWebDriver.java:363)
	at org.openqa.selenium.support.pagefactory.DefaultElementLocator.findElement(DefaultElementLocator.java:69)
	at org.openqa.selenium.support.pagefactory.internal.LocatingElementHandler.invoke(LocatingElementHandler.java:38)
	at com.sun.proxy.$Proxy14.click(Unknown Source)
	at services.LoginService.nameFieldClick(LoginService.java:18)
	at unit.TestCase.login(TestCase.java:87)
	at sun.reflect.NativeMethodAccessorImpl.invoke0(Native Method)
	at sun.reflect.NativeMethodAccessorImpl.invoke(NativeMethodAccessorImpl.java:62)
	at sun.reflect.DelegatingMethodAccessorImpl.invoke(DelegatingMethodAccessorImpl.java:43)
	at java.lang.reflect.Method.invoke(Method.java:498)
	at org.testng.internal.MethodInvocationHelper.invokeMethod(MethodInvocationHelper.java:84)
	at org.testng.internal.Invoker.invokeConfigurationMethod(Invoker.java:564)
	at org.testng.internal.Invoker.invokeConfigurations(Invoker.java:213)
	at org.testng.internal.Invoker.invokeMethod(Invoker.java:653)
	at org.testng.internal.Invoker.invokeTestMethod(Invoker.java:901)
	at org.testng.internal.Invoker.invokeTestMethods(Invoker.java:1231)
	at org.testng.internal.TestMethodWorker.invokeTestMethods(TestMethodWorker.java:127)
	at org.testng.internal.TestMethodWorker.run(TestMethodWorker.java:111)
	at org.testng.TestRunner.privateRun(TestRunner.java:767)
	at org.testng.TestRunner.run(TestRunner.java:617)
	at org.testng.SuiteRunner.runTest(SuiteRunner.java:334)
	at org.testng.SuiteRunner.access$000(SuiteRunner.java:37)
	at org.testng.SuiteRunner$SuiteWorker.run(SuiteRunner.java:368)
	at org.testng.internal.thread.ThreadUtil$2.call(ThreadUtil.java:64)
	at java.util.concurrent.FutureTask.run(FutureTask.java:266)
	at java.util.concurrent.ThreadPoolExecutor.runWorker(ThreadPoolExecutor.java:1149)
	at java.util.concurrent.ThreadPoolExecutor$Worker.run(ThreadPoolExecutor.java:624)
	at java.lang.Thread.run(Thread.java:748)
</failure>
  </testcase>
  <testcase name="checkMouseState" classname="TestClass" time="0.001">
    <skipped/>
  </testcase>
  <testcase name="checkHelpCanBeOpenedViaTab" classname="TestClass" time="0.0">
    <skipped/>
  </testcase>
  <testcase name="checkMonthViewIsPreserved" classname="TestClass" time="0.007">
    <skipped/>
  </testcase>
  <testcase name="checkThereIsNoProjectAvailableForInvalidTimePeriod" classname="TestClass" time="0.001">
    <skipped/>
  </testcase>
  <testcase name="checkExportUnavailableForMoreThanYearPeriod" classname="TestClass" time="0.001">
    <skipped/>
  </testcase>
  <testcase name="checkTwoEqualActivitiesCannotBeAdded" classname="TestClass" time="0.0">
    <skipped/>
  </testcase>
  <testcase name="checkDateIsPreservedAfterSwitchingToAnotherTimeRange" classname="TestClass" time="0.0">
    <skipped/>
  </testcase>
  <testcase name="checkTableIsShownAccordingToCalendarWeek" classname="TestClass" time="0.0">
    <skipped/>
  </testcase>
  <testcase name="checkTodayButtonWorksCorrectly" classname="TestClass" time="0.001">
    <skipped/>
  </testcase>
  <testcase name="checkDataNotSavedAfterClickingCancel" classname="TestClass" time="0.001">
    <skipped/>
  </testcase>
  <testcase name="checkDataNotSavedAfterRefreshingPage" classname="TestClass" time="0.0">
    <skipped/>
  </testcase>
  <testcase name="checkUserSearchIsCorrect" classname="TestClass" time="0.0">
    <skipped/>
  </testcase>
  <testcase name="checkTwoWeeksButtonWorksCorrectly" classname="TestClass" time="0.001">
    <skipped/>
  </testcase>
  <testcase name="exportExcel" classname="TestClass" time="0.0">
    <skipped/>
  </testcase>
  <testcase name="checkAllUsersAreAvailableAndThersTotalHours" classname="TestClass" time="0.0">
    <skipped/>
  </testcase>
  <testcase name="checkTotalTimeIsChanged" classname="TestClass" time="0.002">
    <skipped/>
  </testcase>
  <testcase name="checkCurrentUserFilledTime" classname="TestClass" time="0.001">
    <skipped/>
  </testcase>
  <testcase name="checkProjectsInProjectListAreShownOnTheDashboard" classname="TestClass" time="0.0">
    <skipped/>
  </testcase>
  <testcase name="checkAddHoursWorkCorrectly" classname="TestClass" time="0.0">
    <skipped/>
  </testcase>
  <system-out><![CDATA[]]></system-out>
  <system-err><![CDATA[]]></system-err>
</testsuite>
